[2025-09-18T09:34:13.807+0000] {manager.py:483} INFO - Processing files using up to 2 processes at a time 
[2025-09-18T09:34:13.808+0000] {manager.py:484} INFO - Process each file at most once every 30 seconds
[2025-09-18T09:34:13.809+0000] {manager.py:485} INFO - Checking for new files in /home/dataengineersnowflakedbt/airflow/dags every 300 seconds
[2025-09-18T09:34:13.810+0000] {manager.py:821} INFO - Searching for files in /home/dataengineersnowflakedbt/airflow/dags
[2025-09-18T09:34:13.811+0000] {manager.py:824} INFO - There are 0 files in /home/dataengineersnowflakedbt/airflow/dags
[2025-09-18T09:39:13.821+0000] {manager.py:821} INFO - Searching for files in /home/dataengineersnowflakedbt/airflow/dags
[2025-09-18T09:39:13.822+0000] {manager.py:824} INFO - There are 0 files in /home/dataengineersnowflakedbt/airflow/dags
[2025-09-18T09:44:14.461+0000] {manager.py:821} INFO - Searching for files in /home/dataengineersnowflakedbt/airflow/dags
[2025-09-18T09:44:14.461+0000] {manager.py:824} INFO - There are 0 files in /home/dataengineersnowflakedbt/airflow/dags
[2025-09-18T09:49:15.227+0000] {manager.py:821} INFO - Searching for files in /home/dataengineersnowflakedbt/airflow/dags
[2025-09-18T09:49:15.228+0000] {manager.py:824} INFO - There are 0 files in /home/dataengineersnowflakedbt/airflow/dags
[2025-09-18T09:54:15.981+0000] {manager.py:821} INFO - Searching for files in /home/dataengineersnowflakedbt/airflow/dags
[2025-09-18T09:54:15.982+0000] {manager.py:824} INFO - There are 0 files in /home/dataengineersnowflakedbt/airflow/dags
[2025-09-18T09:59:16.727+0000] {manager.py:821} INFO - Searching for files in /home/dataengineersnowflakedbt/airflow/dags
[2025-09-18T09:59:16.728+0000] {manager.py:824} INFO - There are 0 files in /home/dataengineersnowflakedbt/airflow/dags
[2025-09-18T10:04:17.495+0000] {manager.py:821} INFO - Searching for files in /home/dataengineersnowflakedbt/airflow/dags
[2025-09-18T10:04:17.496+0000] {manager.py:824} INFO - There are 0 files in /home/dataengineersnowflakedbt/airflow/dags
[2025-09-18T10:09:18.307+0000] {manager.py:821} INFO - Searching for files in /home/dataengineersnowflakedbt/airflow/dags
[2025-09-18T10:09:18.308+0000] {manager.py:824} INFO - There are 0 files in /home/dataengineersnowflakedbt/airflow/dags
[2025-09-18T10:09:30.652+0000] {manager.py:465} INFO - Exiting gracefully upon receiving signal 15
[2025-09-18T10:09:31.727+0000] {manager.py:465} INFO - Exiting gracefully upon receiving signal 15
[2025-09-18T10:12:47.867+0000] {manager.py:483} INFO - Processing files using up to 2 processes at a time 
[2025-09-18T10:12:47.870+0000] {manager.py:484} INFO - Process each file at most once every 30 seconds
[2025-09-18T10:12:47.871+0000] {manager.py:485} INFO - Checking for new files in /home/dataengineersnowflakedbt/airflow/dags every 300 seconds
[2025-09-18T10:12:47.871+0000] {manager.py:821} INFO - Searching for files in /home/dataengineersnowflakedbt/airflow/dags
[2025-09-18T10:12:47.872+0000] {manager.py:824} INFO - There are 0 files in /home/dataengineersnowflakedbt/airflow/dags
[2025-09-18T10:17:48.773+0000] {manager.py:821} INFO - Searching for files in /home/dataengineersnowflakedbt/airflow/dags
[2025-09-18T10:17:48.774+0000] {manager.py:824} INFO - There are 0 files in /home/dataengineersnowflakedbt/airflow/dags
[2025-09-18T10:22:49.603+0000] {manager.py:821} INFO - Searching for files in /home/dataengineersnowflakedbt/airflow/dags
[2025-09-18T10:22:49.603+0000] {manager.py:824} INFO - There are 0 files in /home/dataengineersnowflakedbt/airflow/dags
[2025-09-18T10:27:50.416+0000] {manager.py:821} INFO - Searching for files in /home/dataengineersnowflakedbt/airflow/dags
[2025-09-18T10:27:50.416+0000] {manager.py:824} INFO - There are 0 files in /home/dataengineersnowflakedbt/airflow/dags
[2025-09-18T10:32:51.232+0000] {manager.py:821} INFO - Searching for files in /home/dataengineersnowflakedbt/airflow/dags
[2025-09-18T10:32:51.233+0000] {manager.py:824} INFO - There are 0 files in /home/dataengineersnowflakedbt/airflow/dags
[2025-09-18T10:37:51.995+0000] {manager.py:821} INFO - Searching for files in /home/dataengineersnowflakedbt/airflow/dags
[2025-09-18T10:37:51.996+0000] {manager.py:824} INFO - There are 0 files in /home/dataengineersnowflakedbt/airflow/dags
[2025-09-18T10:42:52.822+0000] {manager.py:821} INFO - Searching for files in /home/dataengineersnowflakedbt/airflow/dags
[2025-09-18T10:42:52.823+0000] {manager.py:824} INFO - There are 0 files in /home/dataengineersnowflakedbt/airflow/dags
[2025-09-18T10:47:53.634+0000] {manager.py:821} INFO - Searching for files in /home/dataengineersnowflakedbt/airflow/dags
[2025-09-18T10:47:53.635+0000] {manager.py:824} INFO - There are 0 files in /home/dataengineersnowflakedbt/airflow/dags
[2025-09-18T10:52:54.424+0000] {manager.py:821} INFO - Searching for files in /home/dataengineersnowflakedbt/airflow/dags
[2025-09-18T10:52:54.425+0000] {manager.py:824} INFO - There are 0 files in /home/dataengineersnowflakedbt/airflow/dags
[2025-09-18T10:57:55.267+0000] {manager.py:821} INFO - Searching for files in /home/dataengineersnowflakedbt/airflow/dags
[2025-09-18T10:57:55.267+0000] {manager.py:824} INFO - There are 0 files in /home/dataengineersnowflakedbt/airflow/dags
[2025-09-18T11:02:56.129+0000] {manager.py:821} INFO - Searching for files in /home/dataengineersnowflakedbt/airflow/dags
[2025-09-18T11:02:56.129+0000] {manager.py:824} INFO - There are 0 files in /home/dataengineersnowflakedbt/airflow/dags
[2025-09-18T11:07:56.946+0000] {manager.py:821} INFO - Searching for files in /home/dataengineersnowflakedbt/airflow/dags
[2025-09-18T11:07:56.946+0000] {manager.py:824} INFO - There are 0 files in /home/dataengineersnowflakedbt/airflow/dags
[2025-09-18T11:12:57.784+0000] {manager.py:821} INFO - Searching for files in /home/dataengineersnowflakedbt/airflow/dags
[2025-09-18T11:12:57.785+0000] {manager.py:824} INFO - There are 0 files in /home/dataengineersnowflakedbt/airflow/dags
[2025-09-18T11:17:58.641+0000] {manager.py:821} INFO - Searching for files in /home/dataengineersnowflakedbt/airflow/dags
[2025-09-18T11:17:58.642+0000] {manager.py:824} INFO - There are 0 files in /home/dataengineersnowflakedbt/airflow/dags
[2025-09-18T11:22:59.432+0000] {manager.py:821} INFO - Searching for files in /home/dataengineersnowflakedbt/airflow/dags
[2025-09-18T11:22:59.433+0000] {manager.py:824} INFO - There are 0 files in /home/dataengineersnowflakedbt/airflow/dags
[2025-09-18T11:28:00.224+0000] {manager.py:821} INFO - Searching for files in /home/dataengineersnowflakedbt/airflow/dags
[2025-09-18T11:28:00.225+0000] {manager.py:824} INFO - There are 0 files in /home/dataengineersnowflakedbt/airflow/dags
[2025-09-18T11:33:01.019+0000] {manager.py:821} INFO - Searching for files in /home/dataengineersnowflakedbt/airflow/dags
[2025-09-18T11:33:01.020+0000] {manager.py:824} INFO - There are 0 files in /home/dataengineersnowflakedbt/airflow/dags
[2025-09-18T11:38:01.793+0000] {manager.py:821} INFO - Searching for files in /home/dataengineersnowflakedbt/airflow/dags
[2025-09-18T11:38:01.794+0000] {manager.py:824} INFO - There are 0 files in /home/dataengineersnowflakedbt/airflow/dags
[2025-09-18T11:43:02.636+0000] {manager.py:821} INFO - Searching for files in /home/dataengineersnowflakedbt/airflow/dags
[2025-09-18T11:43:02.637+0000] {manager.py:824} INFO - There are 0 files in /home/dataengineersnowflakedbt/airflow/dags
[2025-09-18T11:48:03.446+0000] {manager.py:821} INFO - Searching for files in /home/dataengineersnowflakedbt/airflow/dags
[2025-09-18T11:48:03.447+0000] {manager.py:824} INFO - There are 0 files in /home/dataengineersnowflakedbt/airflow/dags
[2025-09-18T11:53:04.280+0000] {manager.py:821} INFO - Searching for files in /home/dataengineersnowflakedbt/airflow/dags
[2025-09-18T11:53:04.280+0000] {manager.py:824} INFO - There are 0 files in /home/dataengineersnowflakedbt/airflow/dags
[2025-09-18T11:58:05.145+0000] {manager.py:821} INFO - Searching for files in /home/dataengineersnowflakedbt/airflow/dags
[2025-09-18T11:58:05.145+0000] {manager.py:824} INFO - There are 0 files in /home/dataengineersnowflakedbt/airflow/dags
[2025-09-18T12:03:06.061+0000] {manager.py:821} INFO - Searching for files in /home/dataengineersnowflakedbt/airflow/dags
[2025-09-18T12:03:06.062+0000] {manager.py:824} INFO - There are 0 files in /home/dataengineersnowflakedbt/airflow/dags
[2025-09-18T12:08:06.990+0000] {manager.py:821} INFO - Searching for files in /home/dataengineersnowflakedbt/airflow/dags
[2025-09-18T12:08:06.991+0000] {manager.py:824} INFO - There are 0 files in /home/dataengineersnowflakedbt/airflow/dags
[2025-09-18T12:13:07.870+0000] {manager.py:821} INFO - Searching for files in /home/dataengineersnowflakedbt/airflow/dags
[2025-09-18T12:13:07.870+0000] {manager.py:824} INFO - There are 0 files in /home/dataengineersnowflakedbt/airflow/dags
[2025-09-18T12:18:08.790+0000] {manager.py:821} INFO - Searching for files in /home/dataengineersnowflakedbt/airflow/dags
[2025-09-18T12:18:08.791+0000] {manager.py:824} INFO - There are 0 files in /home/dataengineersnowflakedbt/airflow/dags
[2025-09-18T12:23:09.668+0000] {manager.py:821} INFO - Searching for files in /home/dataengineersnowflakedbt/airflow/dags
[2025-09-18T12:23:09.669+0000] {manager.py:824} INFO - There are 0 files in /home/dataengineersnowflakedbt/airflow/dags
[2025-09-18T12:28:10.534+0000] {manager.py:821} INFO - Searching for files in /home/dataengineersnowflakedbt/airflow/dags
[2025-09-18T12:28:10.535+0000] {manager.py:824} INFO - There are 0 files in /home/dataengineersnowflakedbt/airflow/dags
[2025-09-18T12:33:11.441+0000] {manager.py:821} INFO - Searching for files in /home/dataengineersnowflakedbt/airflow/dags
[2025-09-18T12:33:11.442+0000] {manager.py:824} INFO - There are 0 files in /home/dataengineersnowflakedbt/airflow/dags
[2025-09-18T12:38:11.448+0000] {manager.py:821} INFO - Searching for files in /home/dataengineersnowflakedbt/airflow/dags
[2025-09-18T12:38:11.449+0000] {manager.py:824} INFO - There are 0 files in /home/dataengineersnowflakedbt/airflow/dags
[2025-09-18T12:43:11.574+0000] {manager.py:821} INFO - Searching for files in /home/dataengineersnowflakedbt/airflow/dags
[2025-09-18T12:43:11.575+0000] {manager.py:824} INFO - There are 0 files in /home/dataengineersnowflakedbt/airflow/dags
[2025-09-18T12:48:12.553+0000] {manager.py:821} INFO - Searching for files in /home/dataengineersnowflakedbt/airflow/dags
[2025-09-18T12:48:12.553+0000] {manager.py:824} INFO - There are 0 files in /home/dataengineersnowflakedbt/airflow/dags
[2025-09-18T12:53:13.477+0000] {manager.py:821} INFO - Searching for files in /home/dataengineersnowflakedbt/airflow/dags
[2025-09-18T12:53:13.477+0000] {manager.py:824} INFO - There are 0 files in /home/dataengineersnowflakedbt/airflow/dags
[2025-09-18T12:58:14.398+0000] {manager.py:821} INFO - Searching for files in /home/dataengineersnowflakedbt/airflow/dags
[2025-09-18T12:58:14.399+0000] {manager.py:824} INFO - There are 0 files in /home/dataengineersnowflakedbt/airflow/dags
[2025-09-18T13:03:15.348+0000] {manager.py:821} INFO - Searching for files in /home/dataengineersnowflakedbt/airflow/dags
[2025-09-18T13:03:15.348+0000] {manager.py:824} INFO - There are 0 files in /home/dataengineersnowflakedbt/airflow/dags
[2025-09-18T13:08:15.490+0000] {manager.py:821} INFO - Searching for files in /home/dataengineersnowflakedbt/airflow/dags
[2025-09-18T13:08:15.491+0000] {manager.py:824} INFO - There are 0 files in /home/dataengineersnowflakedbt/airflow/dags
[2025-09-18T13:13:15.562+0000] {manager.py:821} INFO - Searching for files in /home/dataengineersnowflakedbt/airflow/dags
[2025-09-18T13:13:15.562+0000] {manager.py:824} INFO - There are 0 files in /home/dataengineersnowflakedbt/airflow/dags
[2025-09-18T13:18:16.562+0000] {manager.py:821} INFO - Searching for files in /home/dataengineersnowflakedbt/airflow/dags
[2025-09-18T13:18:16.563+0000] {manager.py:824} INFO - There are 0 files in /home/dataengineersnowflakedbt/airflow/dags
[2025-09-18T13:23:16.621+0000] {manager.py:821} INFO - Searching for files in /home/dataengineersnowflakedbt/airflow/dags
[2025-09-18T13:23:16.621+0000] {manager.py:824} INFO - There are 0 files in /home/dataengineersnowflakedbt/airflow/dags
[2025-09-18T13:28:17.586+0000] {manager.py:821} INFO - Searching for files in /home/dataengineersnowflakedbt/airflow/dags
[2025-09-18T13:28:17.587+0000] {manager.py:824} INFO - There are 0 files in /home/dataengineersnowflakedbt/airflow/dags
[2025-09-18T13:33:18.440+0000] {manager.py:821} INFO - Searching for files in /home/dataengineersnowflakedbt/airflow/dags
[2025-09-18T13:33:18.440+0000] {manager.py:824} INFO - There are 0 files in /home/dataengineersnowflakedbt/airflow/dags
[2025-09-18T13:38:19.366+0000] {manager.py:821} INFO - Searching for files in /home/dataengineersnowflakedbt/airflow/dags
[2025-09-18T13:38:19.366+0000] {manager.py:824} INFO - There are 0 files in /home/dataengineersnowflakedbt/airflow/dags
[2025-09-18T13:43:20.281+0000] {manager.py:821} INFO - Searching for files in /home/dataengineersnowflakedbt/airflow/dags
[2025-09-18T13:43:20.282+0000] {manager.py:824} INFO - There are 0 files in /home/dataengineersnowflakedbt/airflow/dags
[2025-09-18T13:48:21.117+0000] {manager.py:821} INFO - Searching for files in /home/dataengineersnowflakedbt/airflow/dags
[2025-09-18T13:48:21.118+0000] {manager.py:824} INFO - There are 0 files in /home/dataengineersnowflakedbt/airflow/dags
[2025-09-18T13:53:21.974+0000] {manager.py:821} INFO - Searching for files in /home/dataengineersnowflakedbt/airflow/dags
[2025-09-18T13:53:21.975+0000] {manager.py:824} INFO - There are 0 files in /home/dataengineersnowflakedbt/airflow/dags
[2025-09-18T13:58:22.803+0000] {manager.py:821} INFO - Searching for files in /home/dataengineersnowflakedbt/airflow/dags
[2025-09-18T13:58:22.803+0000] {manager.py:824} INFO - There are 0 files in /home/dataengineersnowflakedbt/airflow/dags
[2025-09-18T14:03:23.687+0000] {manager.py:821} INFO - Searching for files in /home/dataengineersnowflakedbt/airflow/dags
[2025-09-18T14:03:23.687+0000] {manager.py:824} INFO - There are 0 files in /home/dataengineersnowflakedbt/airflow/dags
[2025-09-18T14:08:24.533+0000] {manager.py:821} INFO - Searching for files in /home/dataengineersnowflakedbt/airflow/dags
[2025-09-18T14:08:24.533+0000] {manager.py:824} INFO - There are 0 files in /home/dataengineersnowflakedbt/airflow/dags
[2025-09-18T14:13:25.419+0000] {manager.py:821} INFO - Searching for files in /home/dataengineersnowflakedbt/airflow/dags
[2025-09-18T14:13:25.420+0000] {manager.py:824} INFO - There are 0 files in /home/dataengineersnowflakedbt/airflow/dags
[2025-09-18T14:18:26.230+0000] {manager.py:821} INFO - Searching for files in /home/dataengineersnowflakedbt/airflow/dags
[2025-09-18T14:18:26.231+0000] {manager.py:824} INFO - There are 0 files in /home/dataengineersnowflakedbt/airflow/dags
[2025-09-18T14:23:00.118+0000] {manager.py:465} INFO - Exiting gracefully upon receiving signal 15
[2025-09-22T11:56:07.552+0000] {manager.py:483} INFO - Processing files using up to 2 processes at a time 
[2025-09-22T11:56:07.556+0000] {manager.py:484} INFO - Process each file at most once every 30 seconds
[2025-09-22T11:56:07.557+0000] {manager.py:485} INFO - Checking for new files in /home/dataengineersnowflakedbt/airflow/dags every 300 seconds
[2025-09-22T11:56:07.558+0000] {manager.py:821} INFO - Searching for files in /home/dataengineersnowflakedbt/airflow/dags
[2025-09-22T11:56:07.559+0000] {manager.py:824} INFO - There are 0 files in /home/dataengineersnowflakedbt/airflow/dags
[2025-09-22T12:01:08.532+0000] {manager.py:821} INFO - Searching for files in /home/dataengineersnowflakedbt/airflow/dags
[2025-09-22T12:01:08.532+0000] {manager.py:824} INFO - There are 0 files in /home/dataengineersnowflakedbt/airflow/dags
[2025-09-22T12:02:35.109+0000] {manager.py:465} INFO - Exiting gracefully upon receiving signal 15
[2025-11-22T14:38:39.563+0000] {manager.py:483} INFO - Processing files using up to 2 processes at a time 
[2025-11-22T14:38:39.565+0000] {manager.py:484} INFO - Process each file at most once every 30 seconds
[2025-11-22T14:38:39.565+0000] {manager.py:485} INFO - Checking for new files in /home/dataengineersnowflakedbt/airflow/dags every 300 seconds
[2025-11-22T14:38:39.566+0000] {manager.py:821} INFO - Searching for files in /home/dataengineersnowflakedbt/airflow/dags
[2025-11-22T14:38:39.567+0000] {manager.py:824} INFO - There are 0 files in /home/dataengineersnowflakedbt/airflow/dags
[2025-11-22T14:43:40.284+0000] {manager.py:821} INFO - Searching for files in /home/dataengineersnowflakedbt/airflow/dags
[2025-11-22T14:43:40.284+0000] {manager.py:824} INFO - There are 0 files in /home/dataengineersnowflakedbt/airflow/dags
[2025-11-22T14:48:40.902+0000] {manager.py:821} INFO - Searching for files in /home/dataengineersnowflakedbt/airflow/dags
[2025-11-22T14:48:40.902+0000] {manager.py:824} INFO - There are 0 files in /home/dataengineersnowflakedbt/airflow/dags
[2025-11-22T14:53:41.506+0000] {manager.py:821} INFO - Searching for files in /home/dataengineersnowflakedbt/airflow/dags
[2025-11-22T14:53:41.507+0000] {manager.py:824} INFO - There are 0 files in /home/dataengineersnowflakedbt/airflow/dags
[2025-11-22T14:58:42.107+0000] {manager.py:821} INFO - Searching for files in /home/dataengineersnowflakedbt/airflow/dags
[2025-11-22T14:58:42.107+0000] {manager.py:824} INFO - There are 0 files in /home/dataengineersnowflakedbt/airflow/dags
[2025-11-22T15:03:42.739+0000] {manager.py:821} INFO - Searching for files in /home/dataengineersnowflakedbt/airflow/dags
[2025-11-22T15:03:42.740+0000] {manager.py:824} INFO - There are 0 files in /home/dataengineersnowflakedbt/airflow/dags
[2025-11-22T15:08:43.358+0000] {manager.py:821} INFO - Searching for files in /home/dataengineersnowflakedbt/airflow/dags
[2025-11-22T15:08:43.359+0000] {manager.py:824} INFO - There are 0 files in /home/dataengineersnowflakedbt/airflow/dags
[2025-11-22T15:13:43.974+0000] {manager.py:821} INFO - Searching for files in /home/dataengineersnowflakedbt/airflow/dags
[2025-11-22T15:13:43.975+0000] {manager.py:824} INFO - There are 0 files in /home/dataengineersnowflakedbt/airflow/dags
[2025-11-22T15:18:44.607+0000] {manager.py:821} INFO - Searching for files in /home/dataengineersnowflakedbt/airflow/dags
[2025-11-22T15:18:44.607+0000] {manager.py:824} INFO - There are 0 files in /home/dataengineersnowflakedbt/airflow/dags
[2025-11-22T15:23:45.223+0000] {manager.py:821} INFO - Searching for files in /home/dataengineersnowflakedbt/airflow/dags
[2025-11-22T15:23:45.223+0000] {manager.py:824} INFO - There are 0 files in /home/dataengineersnowflakedbt/airflow/dags
[2025-11-22T15:28:45.843+0000] {manager.py:821} INFO - Searching for files in /home/dataengineersnowflakedbt/airflow/dags
[2025-11-22T15:28:45.843+0000] {manager.py:824} INFO - There are 0 files in /home/dataengineersnowflakedbt/airflow/dags
[2025-11-22T15:33:46.493+0000] {manager.py:821} INFO - Searching for files in /home/dataengineersnowflakedbt/airflow/dags
[2025-11-22T15:33:46.494+0000] {manager.py:824} INFO - There are 0 files in /home/dataengineersnowflakedbt/airflow/dags
[2025-11-22T15:38:47.122+0000] {manager.py:821} INFO - Searching for files in /home/dataengineersnowflakedbt/airflow/dags
[2025-11-22T15:38:47.123+0000] {manager.py:824} INFO - There are 0 files in /home/dataengineersnowflakedbt/airflow/dags
[2025-11-22T15:43:47.729+0000] {manager.py:821} INFO - Searching for files in /home/dataengineersnowflakedbt/airflow/dags
[2025-11-22T15:43:47.729+0000] {manager.py:824} INFO - There are 0 files in /home/dataengineersnowflakedbt/airflow/dags
[2025-11-22T15:48:48.334+0000] {manager.py:821} INFO - Searching for files in /home/dataengineersnowflakedbt/airflow/dags
[2025-11-22T15:48:48.335+0000] {manager.py:824} INFO - There are 0 files in /home/dataengineersnowflakedbt/airflow/dags
[2025-11-22T15:53:48.946+0000] {manager.py:821} INFO - Searching for files in /home/dataengineersnowflakedbt/airflow/dags
[2025-11-22T15:53:48.947+0000] {manager.py:824} INFO - There are 0 files in /home/dataengineersnowflakedbt/airflow/dags
[2025-11-22T15:58:49.573+0000] {manager.py:821} INFO - Searching for files in /home/dataengineersnowflakedbt/airflow/dags
[2025-11-22T15:58:49.573+0000] {manager.py:824} INFO - There are 0 files in /home/dataengineersnowflakedbt/airflow/dags
[2025-11-22T16:03:50.185+0000] {manager.py:821} INFO - Searching for files in /home/dataengineersnowflakedbt/airflow/dags
[2025-11-22T16:03:50.186+0000] {manager.py:824} INFO - There are 0 files in /home/dataengineersnowflakedbt/airflow/dags
[2025-11-22T16:08:50.810+0000] {manager.py:821} INFO - Searching for files in /home/dataengineersnowflakedbt/airflow/dags
[2025-11-22T16:08:50.811+0000] {manager.py:824} INFO - There are 0 files in /home/dataengineersnowflakedbt/airflow/dags
[2025-11-22T16:13:51.430+0000] {manager.py:821} INFO - Searching for files in /home/dataengineersnowflakedbt/airflow/dags
[2025-11-22T16:13:51.431+0000] {manager.py:824} INFO - There are 0 files in /home/dataengineersnowflakedbt/airflow/dags
[2025-11-22T16:18:52.044+0000] {manager.py:821} INFO - Searching for files in /home/dataengineersnowflakedbt/airflow/dags
[2025-11-22T16:18:52.045+0000] {manager.py:824} INFO - There are 0 files in /home/dataengineersnowflakedbt/airflow/dags
[2025-11-22T16:23:52.678+0000] {manager.py:821} INFO - Searching for files in /home/dataengineersnowflakedbt/airflow/dags
[2025-11-22T16:23:52.679+0000] {manager.py:824} INFO - There are 0 files in /home/dataengineersnowflakedbt/airflow/dags
[2025-11-22T16:28:53.311+0000] {manager.py:821} INFO - Searching for files in /home/dataengineersnowflakedbt/airflow/dags
[2025-11-22T16:28:53.311+0000] {manager.py:824} INFO - There are 0 files in /home/dataengineersnowflakedbt/airflow/dags
[2025-11-22T16:33:53.922+0000] {manager.py:821} INFO - Searching for files in /home/dataengineersnowflakedbt/airflow/dags
[2025-11-22T16:33:53.922+0000] {manager.py:824} INFO - There are 0 files in /home/dataengineersnowflakedbt/airflow/dags
[2025-11-22T16:38:54.562+0000] {manager.py:821} INFO - Searching for files in /home/dataengineersnowflakedbt/airflow/dags
[2025-11-22T16:38:54.563+0000] {manager.py:824} INFO - There are 0 files in /home/dataengineersnowflakedbt/airflow/dags
[2025-11-22T16:43:55.192+0000] {manager.py:821} INFO - Searching for files in /home/dataengineersnowflakedbt/airflow/dags
[2025-11-22T16:43:55.193+0000] {manager.py:824} INFO - There are 0 files in /home/dataengineersnowflakedbt/airflow/dags
[2025-11-22T16:48:55.819+0000] {manager.py:821} INFO - Searching for files in /home/dataengineersnowflakedbt/airflow/dags
[2025-11-22T16:48:55.820+0000] {manager.py:824} INFO - There are 0 files in /home/dataengineersnowflakedbt/airflow/dags
[2025-11-22T16:53:56.453+0000] {manager.py:821} INFO - Searching for files in /home/dataengineersnowflakedbt/airflow/dags
[2025-11-22T16:53:56.453+0000] {manager.py:824} INFO - There are 0 files in /home/dataengineersnowflakedbt/airflow/dags
[2025-11-22T16:58:57.089+0000] {manager.py:821} INFO - Searching for files in /home/dataengineersnowflakedbt/airflow/dags
[2025-11-22T16:58:57.089+0000] {manager.py:824} INFO - There are 0 files in /home/dataengineersnowflakedbt/airflow/dags
[2025-11-22T17:03:57.729+0000] {manager.py:821} INFO - Searching for files in /home/dataengineersnowflakedbt/airflow/dags
[2025-11-22T17:03:57.729+0000] {manager.py:824} INFO - There are 0 files in /home/dataengineersnowflakedbt/airflow/dags
[2025-11-22T17:08:58.374+0000] {manager.py:821} INFO - Searching for files in /home/dataengineersnowflakedbt/airflow/dags
[2025-11-22T17:08:58.375+0000] {manager.py:824} INFO - There are 0 files in /home/dataengineersnowflakedbt/airflow/dags
[2025-11-22T17:13:59.002+0000] {manager.py:821} INFO - Searching for files in /home/dataengineersnowflakedbt/airflow/dags
[2025-11-22T17:13:59.002+0000] {manager.py:824} INFO - There are 0 files in /home/dataengineersnowflakedbt/airflow/dags
[2025-11-22T17:18:59.636+0000] {manager.py:821} INFO - Searching for files in /home/dataengineersnowflakedbt/airflow/dags
[2025-11-22T17:18:59.636+0000] {manager.py:824} INFO - There are 0 files in /home/dataengineersnowflakedbt/airflow/dags
[2025-11-22T17:24:00.260+0000] {manager.py:821} INFO - Searching for files in /home/dataengineersnowflakedbt/airflow/dags
[2025-11-22T17:24:00.261+0000] {manager.py:824} INFO - There are 0 files in /home/dataengineersnowflakedbt/airflow/dags
[2025-11-22T17:29:00.891+0000] {manager.py:821} INFO - Searching for files in /home/dataengineersnowflakedbt/airflow/dags
[2025-11-22T17:29:00.891+0000] {manager.py:824} INFO - There are 0 files in /home/dataengineersnowflakedbt/airflow/dags
[2025-11-22T17:34:01.513+0000] {manager.py:821} INFO - Searching for files in /home/dataengineersnowflakedbt/airflow/dags
[2025-11-22T17:34:01.513+0000] {manager.py:824} INFO - There are 0 files in /home/dataengineersnowflakedbt/airflow/dags
[2025-11-22T17:39:02.171+0000] {manager.py:821} INFO - Searching for files in /home/dataengineersnowflakedbt/airflow/dags
[2025-11-22T17:39:02.172+0000] {manager.py:824} INFO - There are 0 files in /home/dataengineersnowflakedbt/airflow/dags
[2025-11-22T17:44:02.786+0000] {manager.py:821} INFO - Searching for files in /home/dataengineersnowflakedbt/airflow/dags
[2025-11-22T17:44:02.787+0000] {manager.py:824} INFO - There are 0 files in /home/dataengineersnowflakedbt/airflow/dags
[2025-11-22T17:49:03.387+0000] {manager.py:821} INFO - Searching for files in /home/dataengineersnowflakedbt/airflow/dags
[2025-11-22T17:49:03.388+0000] {manager.py:824} INFO - There are 0 files in /home/dataengineersnowflakedbt/airflow/dags
[2025-11-22T17:54:03.969+0000] {manager.py:821} INFO - Searching for files in /home/dataengineersnowflakedbt/airflow/dags
[2025-11-22T17:54:03.970+0000] {manager.py:824} INFO - There are 0 files in /home/dataengineersnowflakedbt/airflow/dags
[2025-11-22T17:59:04.574+0000] {manager.py:821} INFO - Searching for files in /home/dataengineersnowflakedbt/airflow/dags
[2025-11-22T17:59:04.574+0000] {manager.py:824} INFO - There are 0 files in /home/dataengineersnowflakedbt/airflow/dags
[2025-11-22T18:04:05.185+0000] {manager.py:821} INFO - Searching for files in /home/dataengineersnowflakedbt/airflow/dags
[2025-11-22T18:04:05.186+0000] {manager.py:824} INFO - There are 0 files in /home/dataengineersnowflakedbt/airflow/dags
[2025-11-22T18:09:05.809+0000] {manager.py:821} INFO - Searching for files in /home/dataengineersnowflakedbt/airflow/dags
[2025-11-22T18:09:05.810+0000] {manager.py:824} INFO - There are 0 files in /home/dataengineersnowflakedbt/airflow/dags
[2025-11-22T18:14:06.406+0000] {manager.py:821} INFO - Searching for files in /home/dataengineersnowflakedbt/airflow/dags
[2025-11-22T18:14:06.406+0000] {manager.py:824} INFO - There are 0 files in /home/dataengineersnowflakedbt/airflow/dags
[2025-11-22T18:19:07.018+0000] {manager.py:821} INFO - Searching for files in /home/dataengineersnowflakedbt/airflow/dags
[2025-11-22T18:19:07.019+0000] {manager.py:824} INFO - There are 0 files in /home/dataengineersnowflakedbt/airflow/dags
[2025-11-22T18:24:07.599+0000] {manager.py:821} INFO - Searching for files in /home/dataengineersnowflakedbt/airflow/dags
[2025-11-22T18:24:07.600+0000] {manager.py:824} INFO - There are 0 files in /home/dataengineersnowflakedbt/airflow/dags
[2025-11-22T18:29:08.198+0000] {manager.py:821} INFO - Searching for files in /home/dataengineersnowflakedbt/airflow/dags
[2025-11-22T18:29:08.199+0000] {manager.py:824} INFO - There are 0 files in /home/dataengineersnowflakedbt/airflow/dags
[2025-11-22T18:34:08.798+0000] {manager.py:821} INFO - Searching for files in /home/dataengineersnowflakedbt/airflow/dags
[2025-11-22T18:34:08.799+0000] {manager.py:824} INFO - There are 0 files in /home/dataengineersnowflakedbt/airflow/dags
[2025-11-22T18:39:09.421+0000] {manager.py:821} INFO - Searching for files in /home/dataengineersnowflakedbt/airflow/dags
[2025-11-22T18:39:09.422+0000] {manager.py:824} INFO - There are 0 files in /home/dataengineersnowflakedbt/airflow/dags
[2025-11-22T18:44:10.044+0000] {manager.py:821} INFO - Searching for files in /home/dataengineersnowflakedbt/airflow/dags
[2025-11-22T18:44:10.044+0000] {manager.py:824} INFO - There are 0 files in /home/dataengineersnowflakedbt/airflow/dags
[2025-11-22T18:49:10.652+0000] {manager.py:821} INFO - Searching for files in /home/dataengineersnowflakedbt/airflow/dags
[2025-11-22T18:49:10.653+0000] {manager.py:824} INFO - There are 0 files in /home/dataengineersnowflakedbt/airflow/dags
[2025-11-22T18:54:11.256+0000] {manager.py:821} INFO - Searching for files in /home/dataengineersnowflakedbt/airflow/dags
[2025-11-22T18:54:11.256+0000] {manager.py:824} INFO - There are 0 files in /home/dataengineersnowflakedbt/airflow/dags
[2025-11-22T18:59:11.862+0000] {manager.py:821} INFO - Searching for files in /home/dataengineersnowflakedbt/airflow/dags
[2025-11-22T18:59:11.862+0000] {manager.py:824} INFO - There are 0 files in /home/dataengineersnowflakedbt/airflow/dags
[2025-11-22T19:04:12.461+0000] {manager.py:821} INFO - Searching for files in /home/dataengineersnowflakedbt/airflow/dags
[2025-11-22T19:04:12.461+0000] {manager.py:824} INFO - There are 0 files in /home/dataengineersnowflakedbt/airflow/dags
[2025-11-22T19:09:13.078+0000] {manager.py:821} INFO - Searching for files in /home/dataengineersnowflakedbt/airflow/dags
[2025-11-22T19:09:13.079+0000] {manager.py:824} INFO - There are 0 files in /home/dataengineersnowflakedbt/airflow/dags
[2025-11-22T19:14:13.681+0000] {manager.py:821} INFO - Searching for files in /home/dataengineersnowflakedbt/airflow/dags
[2025-11-22T19:14:13.682+0000] {manager.py:824} INFO - There are 0 files in /home/dataengineersnowflakedbt/airflow/dags
[2025-11-22T19:19:14.279+0000] {manager.py:821} INFO - Searching for files in /home/dataengineersnowflakedbt/airflow/dags
[2025-11-22T19:19:14.279+0000] {manager.py:824} INFO - There are 0 files in /home/dataengineersnowflakedbt/airflow/dags
[2025-11-22T19:24:14.879+0000] {manager.py:821} INFO - Searching for files in /home/dataengineersnowflakedbt/airflow/dags
[2025-11-22T19:24:14.880+0000] {manager.py:824} INFO - There are 0 files in /home/dataengineersnowflakedbt/airflow/dags
[2025-11-22T19:29:15.472+0000] {manager.py:821} INFO - Searching for files in /home/dataengineersnowflakedbt/airflow/dags
[2025-11-22T19:29:15.472+0000] {manager.py:824} INFO - There are 0 files in /home/dataengineersnowflakedbt/airflow/dags
[2025-11-22T19:34:16.067+0000] {manager.py:821} INFO - Searching for files in /home/dataengineersnowflakedbt/airflow/dags
[2025-11-22T19:34:16.067+0000] {manager.py:824} INFO - There are 0 files in /home/dataengineersnowflakedbt/airflow/dags
[2025-11-22T19:39:16.689+0000] {manager.py:821} INFO - Searching for files in /home/dataengineersnowflakedbt/airflow/dags
[2025-11-22T19:39:16.690+0000] {manager.py:824} INFO - There are 0 files in /home/dataengineersnowflakedbt/airflow/dags
[2025-11-22T19:44:17.297+0000] {manager.py:821} INFO - Searching for files in /home/dataengineersnowflakedbt/airflow/dags
[2025-11-22T19:44:17.298+0000] {manager.py:824} INFO - There are 0 files in /home/dataengineersnowflakedbt/airflow/dags
[2025-11-22T19:49:17.910+0000] {manager.py:821} INFO - Searching for files in /home/dataengineersnowflakedbt/airflow/dags
[2025-11-22T19:49:17.911+0000] {manager.py:824} INFO - There are 0 files in /home/dataengineersnowflakedbt/airflow/dags
[2025-11-22T19:54:18.504+0000] {manager.py:821} INFO - Searching for files in /home/dataengineersnowflakedbt/airflow/dags
[2025-11-22T19:54:18.505+0000] {manager.py:824} INFO - There are 0 files in /home/dataengineersnowflakedbt/airflow/dags
[2025-11-22T19:59:19.114+0000] {manager.py:821} INFO - Searching for files in /home/dataengineersnowflakedbt/airflow/dags
[2025-11-22T19:59:19.115+0000] {manager.py:824} INFO - There are 0 files in /home/dataengineersnowflakedbt/airflow/dags
[2025-11-22T20:04:19.724+0000] {manager.py:821} INFO - Searching for files in /home/dataengineersnowflakedbt/airflow/dags
[2025-11-22T20:04:19.724+0000] {manager.py:824} INFO - There are 0 files in /home/dataengineersnowflakedbt/airflow/dags
[2025-11-22T20:09:20.350+0000] {manager.py:821} INFO - Searching for files in /home/dataengineersnowflakedbt/airflow/dags
[2025-11-22T20:09:20.350+0000] {manager.py:824} INFO - There are 0 files in /home/dataengineersnowflakedbt/airflow/dags
[2025-11-22T20:14:20.963+0000] {manager.py:821} INFO - Searching for files in /home/dataengineersnowflakedbt/airflow/dags
[2025-11-22T20:14:20.963+0000] {manager.py:824} INFO - There are 0 files in /home/dataengineersnowflakedbt/airflow/dags
[2025-11-22T20:19:21.578+0000] {manager.py:821} INFO - Searching for files in /home/dataengineersnowflakedbt/airflow/dags
[2025-11-22T20:19:21.578+0000] {manager.py:824} INFO - There are 0 files in /home/dataengineersnowflakedbt/airflow/dags
[2025-11-22T20:24:22.158+0000] {manager.py:821} INFO - Searching for files in /home/dataengineersnowflakedbt/airflow/dags
[2025-11-22T20:24:22.159+0000] {manager.py:824} INFO - There are 0 files in /home/dataengineersnowflakedbt/airflow/dags
[2025-11-22T20:29:22.749+0000] {manager.py:821} INFO - Searching for files in /home/dataengineersnowflakedbt/airflow/dags
[2025-11-22T20:29:22.750+0000] {manager.py:824} INFO - There are 0 files in /home/dataengineersnowflakedbt/airflow/dags
[2025-11-22T20:34:23.338+0000] {manager.py:821} INFO - Searching for files in /home/dataengineersnowflakedbt/airflow/dags
[2025-11-22T20:34:23.338+0000] {manager.py:824} INFO - There are 0 files in /home/dataengineersnowflakedbt/airflow/dags
[2025-11-22T20:39:23.939+0000] {manager.py:821} INFO - Searching for files in /home/dataengineersnowflakedbt/airflow/dags
[2025-11-22T20:39:23.940+0000] {manager.py:824} INFO - There are 0 files in /home/dataengineersnowflakedbt/airflow/dags
[2025-11-22T20:44:24.559+0000] {manager.py:821} INFO - Searching for files in /home/dataengineersnowflakedbt/airflow/dags
[2025-11-22T20:44:24.559+0000] {manager.py:824} INFO - There are 0 files in /home/dataengineersnowflakedbt/airflow/dags
[2025-11-22T20:49:25.139+0000] {manager.py:821} INFO - Searching for files in /home/dataengineersnowflakedbt/airflow/dags
[2025-11-22T20:49:25.139+0000] {manager.py:824} INFO - There are 0 files in /home/dataengineersnowflakedbt/airflow/dags
[2025-11-22T20:54:25.748+0000] {manager.py:821} INFO - Searching for files in /home/dataengineersnowflakedbt/airflow/dags
[2025-11-22T20:54:25.749+0000] {manager.py:824} INFO - There are 0 files in /home/dataengineersnowflakedbt/airflow/dags
[2025-11-22T20:59:26.349+0000] {manager.py:821} INFO - Searching for files in /home/dataengineersnowflakedbt/airflow/dags
[2025-11-22T20:59:26.350+0000] {manager.py:824} INFO - There are 0 files in /home/dataengineersnowflakedbt/airflow/dags
[2025-11-22T21:04:26.935+0000] {manager.py:821} INFO - Searching for files in /home/dataengineersnowflakedbt/airflow/dags
[2025-11-22T21:04:26.935+0000] {manager.py:824} INFO - There are 0 files in /home/dataengineersnowflakedbt/airflow/dags
[2025-11-22T21:09:27.549+0000] {manager.py:821} INFO - Searching for files in /home/dataengineersnowflakedbt/airflow/dags
[2025-11-22T21:09:27.550+0000] {manager.py:824} INFO - There are 0 files in /home/dataengineersnowflakedbt/airflow/dags
[2025-11-22T21:14:28.129+0000] {manager.py:821} INFO - Searching for files in /home/dataengineersnowflakedbt/airflow/dags
[2025-11-22T21:14:28.130+0000] {manager.py:824} INFO - There are 0 files in /home/dataengineersnowflakedbt/airflow/dags
[2025-11-22T21:19:28.737+0000] {manager.py:821} INFO - Searching for files in /home/dataengineersnowflakedbt/airflow/dags
[2025-11-22T21:19:28.737+0000] {manager.py:824} INFO - There are 0 files in /home/dataengineersnowflakedbt/airflow/dags
[2025-11-22T21:24:29.335+0000] {manager.py:821} INFO - Searching for files in /home/dataengineersnowflakedbt/airflow/dags
[2025-11-22T21:24:29.336+0000] {manager.py:824} INFO - There are 0 files in /home/dataengineersnowflakedbt/airflow/dags
[2025-11-22T21:29:29.933+0000] {manager.py:821} INFO - Searching for files in /home/dataengineersnowflakedbt/airflow/dags
[2025-11-22T21:29:29.933+0000] {manager.py:824} INFO - There are 0 files in /home/dataengineersnowflakedbt/airflow/dags
[2025-11-22T21:34:30.527+0000] {manager.py:821} INFO - Searching for files in /home/dataengineersnowflakedbt/airflow/dags
[2025-11-22T21:34:30.528+0000] {manager.py:824} INFO - There are 0 files in /home/dataengineersnowflakedbt/airflow/dags
[2025-11-22T21:39:31.150+0000] {manager.py:821} INFO - Searching for files in /home/dataengineersnowflakedbt/airflow/dags
[2025-11-22T21:39:31.150+0000] {manager.py:824} INFO - There are 0 files in /home/dataengineersnowflakedbt/airflow/dags
[2025-11-22T21:44:31.775+0000] {manager.py:821} INFO - Searching for files in /home/dataengineersnowflakedbt/airflow/dags
[2025-11-22T21:44:31.776+0000] {manager.py:824} INFO - There are 0 files in /home/dataengineersnowflakedbt/airflow/dags
[2025-11-22T21:49:32.397+0000] {manager.py:821} INFO - Searching for files in /home/dataengineersnowflakedbt/airflow/dags
[2025-11-22T21:49:32.398+0000] {manager.py:824} INFO - There are 0 files in /home/dataengineersnowflakedbt/airflow/dags
[2025-11-22T21:54:32.998+0000] {manager.py:821} INFO - Searching for files in /home/dataengineersnowflakedbt/airflow/dags
[2025-11-22T21:54:32.999+0000] {manager.py:824} INFO - There are 0 files in /home/dataengineersnowflakedbt/airflow/dags
[2025-11-22T21:59:33.605+0000] {manager.py:821} INFO - Searching for files in /home/dataengineersnowflakedbt/airflow/dags
[2025-11-22T21:59:33.605+0000] {manager.py:824} INFO - There are 0 files in /home/dataengineersnowflakedbt/airflow/dags
[2025-11-22T22:04:34.199+0000] {manager.py:821} INFO - Searching for files in /home/dataengineersnowflakedbt/airflow/dags
[2025-11-22T22:04:34.200+0000] {manager.py:824} INFO - There are 0 files in /home/dataengineersnowflakedbt/airflow/dags
[2025-11-22T22:09:34.815+0000] {manager.py:821} INFO - Searching for files in /home/dataengineersnowflakedbt/airflow/dags
[2025-11-22T22:09:34.815+0000] {manager.py:824} INFO - There are 0 files in /home/dataengineersnowflakedbt/airflow/dags
[2025-11-22T22:14:35.420+0000] {manager.py:821} INFO - Searching for files in /home/dataengineersnowflakedbt/airflow/dags
[2025-11-22T22:14:35.421+0000] {manager.py:824} INFO - There are 0 files in /home/dataengineersnowflakedbt/airflow/dags
[2025-11-22T22:19:36.021+0000] {manager.py:821} INFO - Searching for files in /home/dataengineersnowflakedbt/airflow/dags
[2025-11-22T22:19:36.021+0000] {manager.py:824} INFO - There are 0 files in /home/dataengineersnowflakedbt/airflow/dags
[2025-11-22T22:24:36.622+0000] {manager.py:821} INFO - Searching for files in /home/dataengineersnowflakedbt/airflow/dags
[2025-11-22T22:24:36.623+0000] {manager.py:824} INFO - There are 0 files in /home/dataengineersnowflakedbt/airflow/dags
[2025-11-22T22:29:37.221+0000] {manager.py:821} INFO - Searching for files in /home/dataengineersnowflakedbt/airflow/dags
[2025-11-22T22:29:37.222+0000] {manager.py:824} INFO - There are 0 files in /home/dataengineersnowflakedbt/airflow/dags
[2025-11-22T22:34:37.812+0000] {manager.py:821} INFO - Searching for files in /home/dataengineersnowflakedbt/airflow/dags
[2025-11-22T22:34:37.812+0000] {manager.py:824} INFO - There are 0 files in /home/dataengineersnowflakedbt/airflow/dags
[2025-11-22T22:39:38.428+0000] {manager.py:821} INFO - Searching for files in /home/dataengineersnowflakedbt/airflow/dags
[2025-11-22T22:39:38.429+0000] {manager.py:824} INFO - There are 0 files in /home/dataengineersnowflakedbt/airflow/dags
[2025-11-22T22:44:39.014+0000] {manager.py:821} INFO - Searching for files in /home/dataengineersnowflakedbt/airflow/dags
[2025-11-22T22:44:39.015+0000] {manager.py:824} INFO - There are 0 files in /home/dataengineersnowflakedbt/airflow/dags
[2025-11-22T22:49:39.593+0000] {manager.py:821} INFO - Searching for files in /home/dataengineersnowflakedbt/airflow/dags
[2025-11-22T22:49:39.594+0000] {manager.py:824} INFO - There are 0 files in /home/dataengineersnowflakedbt/airflow/dags
[2025-11-22T22:54:40.160+0000] {manager.py:821} INFO - Searching for files in /home/dataengineersnowflakedbt/airflow/dags
[2025-11-22T22:54:40.161+0000] {manager.py:824} INFO - There are 0 files in /home/dataengineersnowflakedbt/airflow/dags
[2025-11-22T22:59:40.743+0000] {manager.py:821} INFO - Searching for files in /home/dataengineersnowflakedbt/airflow/dags
[2025-11-22T22:59:40.744+0000] {manager.py:824} INFO - There are 0 files in /home/dataengineersnowflakedbt/airflow/dags
[2025-11-22T23:04:41.334+0000] {manager.py:821} INFO - Searching for files in /home/dataengineersnowflakedbt/airflow/dags
[2025-11-22T23:04:41.335+0000] {manager.py:824} INFO - There are 0 files in /home/dataengineersnowflakedbt/airflow/dags
[2025-11-22T23:09:41.947+0000] {manager.py:821} INFO - Searching for files in /home/dataengineersnowflakedbt/airflow/dags
[2025-11-22T23:09:41.948+0000] {manager.py:824} INFO - There are 0 files in /home/dataengineersnowflakedbt/airflow/dags
[2025-11-22T23:14:42.518+0000] {manager.py:821} INFO - Searching for files in /home/dataengineersnowflakedbt/airflow/dags
[2025-11-22T23:14:42.519+0000] {manager.py:824} INFO - There are 0 files in /home/dataengineersnowflakedbt/airflow/dags
[2025-11-22T23:19:43.092+0000] {manager.py:821} INFO - Searching for files in /home/dataengineersnowflakedbt/airflow/dags
[2025-11-22T23:19:43.093+0000] {manager.py:824} INFO - There are 0 files in /home/dataengineersnowflakedbt/airflow/dags
[2025-11-22T23:24:43.658+0000] {manager.py:821} INFO - Searching for files in /home/dataengineersnowflakedbt/airflow/dags
[2025-11-22T23:24:43.658+0000] {manager.py:824} INFO - There are 0 files in /home/dataengineersnowflakedbt/airflow/dags
[2025-11-22T23:29:44.249+0000] {manager.py:821} INFO - Searching for files in /home/dataengineersnowflakedbt/airflow/dags
[2025-11-22T23:29:44.249+0000] {manager.py:824} INFO - There are 0 files in /home/dataengineersnowflakedbt/airflow/dags
[2025-11-22T23:34:44.821+0000] {manager.py:821} INFO - Searching for files in /home/dataengineersnowflakedbt/airflow/dags
[2025-11-22T23:34:44.823+0000] {manager.py:824} INFO - There are 0 files in /home/dataengineersnowflakedbt/airflow/dags
[2025-11-22T23:39:45.409+0000] {manager.py:821} INFO - Searching for files in /home/dataengineersnowflakedbt/airflow/dags
[2025-11-22T23:39:45.410+0000] {manager.py:824} INFO - There are 0 files in /home/dataengineersnowflakedbt/airflow/dags
[2025-11-22T23:44:45.983+0000] {manager.py:821} INFO - Searching for files in /home/dataengineersnowflakedbt/airflow/dags
[2025-11-22T23:44:45.983+0000] {manager.py:824} INFO - There are 0 files in /home/dataengineersnowflakedbt/airflow/dags
[2025-11-22T23:49:46.542+0000] {manager.py:821} INFO - Searching for files in /home/dataengineersnowflakedbt/airflow/dags
[2025-11-22T23:49:46.543+0000] {manager.py:824} INFO - There are 0 files in /home/dataengineersnowflakedbt/airflow/dags
[2025-11-22T23:54:47.116+0000] {manager.py:821} INFO - Searching for files in /home/dataengineersnowflakedbt/airflow/dags
[2025-11-22T23:54:47.116+0000] {manager.py:824} INFO - There are 0 files in /home/dataengineersnowflakedbt/airflow/dags
[2025-11-22T23:59:47.676+0000] {manager.py:821} INFO - Searching for files in /home/dataengineersnowflakedbt/airflow/dags
[2025-11-22T23:59:47.677+0000] {manager.py:824} INFO - There are 0 files in /home/dataengineersnowflakedbt/airflow/dags
[2025-11-23T00:04:48.249+0000] {manager.py:821} INFO - Searching for files in /home/dataengineersnowflakedbt/airflow/dags
[2025-11-23T00:04:48.251+0000] {manager.py:824} INFO - There are 0 files in /home/dataengineersnowflakedbt/airflow/dags
[2025-11-23T00:09:48.841+0000] {manager.py:821} INFO - Searching for files in /home/dataengineersnowflakedbt/airflow/dags
[2025-11-23T00:09:48.842+0000] {manager.py:824} INFO - There are 0 files in /home/dataengineersnowflakedbt/airflow/dags
[2025-11-23T00:14:49.418+0000] {manager.py:821} INFO - Searching for files in /home/dataengineersnowflakedbt/airflow/dags
[2025-11-23T00:14:49.418+0000] {manager.py:824} INFO - There are 0 files in /home/dataengineersnowflakedbt/airflow/dags
[2025-11-23T00:19:49.974+0000] {manager.py:821} INFO - Searching for files in /home/dataengineersnowflakedbt/airflow/dags
[2025-11-23T00:19:49.975+0000] {manager.py:824} INFO - There are 0 files in /home/dataengineersnowflakedbt/airflow/dags
[2025-11-23T00:24:50.529+0000] {manager.py:821} INFO - Searching for files in /home/dataengineersnowflakedbt/airflow/dags
[2025-11-23T00:24:50.530+0000] {manager.py:824} INFO - There are 0 files in /home/dataengineersnowflakedbt/airflow/dags
[2025-11-23T00:29:51.095+0000] {manager.py:821} INFO - Searching for files in /home/dataengineersnowflakedbt/airflow/dags
[2025-11-23T00:29:51.096+0000] {manager.py:824} INFO - There are 0 files in /home/dataengineersnowflakedbt/airflow/dags
[2025-11-23T00:34:51.664+0000] {manager.py:821} INFO - Searching for files in /home/dataengineersnowflakedbt/airflow/dags
[2025-11-23T00:34:51.665+0000] {manager.py:824} INFO - There are 0 files in /home/dataengineersnowflakedbt/airflow/dags
[2025-11-23T00:39:52.335+0000] {manager.py:821} INFO - Searching for files in /home/dataengineersnowflakedbt/airflow/dags
[2025-11-23T00:39:52.336+0000] {manager.py:824} INFO - There are 0 files in /home/dataengineersnowflakedbt/airflow/dags
[2025-11-23T00:44:52.931+0000] {manager.py:821} INFO - Searching for files in /home/dataengineersnowflakedbt/airflow/dags
[2025-11-23T00:44:52.931+0000] {manager.py:824} INFO - There are 0 files in /home/dataengineersnowflakedbt/airflow/dags
[2025-11-23T00:49:53.538+0000] {manager.py:821} INFO - Searching for files in /home/dataengineersnowflakedbt/airflow/dags
[2025-11-23T00:49:53.538+0000] {manager.py:824} INFO - There are 0 files in /home/dataengineersnowflakedbt/airflow/dags
[2025-11-23T00:54:54.143+0000] {manager.py:821} INFO - Searching for files in /home/dataengineersnowflakedbt/airflow/dags
[2025-11-23T00:54:54.144+0000] {manager.py:824} INFO - There are 0 files in /home/dataengineersnowflakedbt/airflow/dags
[2025-11-23T00:59:54.753+0000] {manager.py:821} INFO - Searching for files in /home/dataengineersnowflakedbt/airflow/dags
[2025-11-23T00:59:54.753+0000] {manager.py:824} INFO - There are 0 files in /home/dataengineersnowflakedbt/airflow/dags
[2025-11-23T01:04:55.364+0000] {manager.py:821} INFO - Searching for files in /home/dataengineersnowflakedbt/airflow/dags
[2025-11-23T01:04:55.364+0000] {manager.py:824} INFO - There are 0 files in /home/dataengineersnowflakedbt/airflow/dags
[2025-11-23T01:09:55.993+0000] {manager.py:821} INFO - Searching for files in /home/dataengineersnowflakedbt/airflow/dags
[2025-11-23T01:09:55.993+0000] {manager.py:824} INFO - There are 0 files in /home/dataengineersnowflakedbt/airflow/dags
[2025-11-23T01:14:56.611+0000] {manager.py:821} INFO - Searching for files in /home/dataengineersnowflakedbt/airflow/dags
[2025-11-23T01:14:56.612+0000] {manager.py:824} INFO - There are 0 files in /home/dataengineersnowflakedbt/airflow/dags
[2025-11-23T01:19:57.227+0000] {manager.py:821} INFO - Searching for files in /home/dataengineersnowflakedbt/airflow/dags
[2025-11-23T01:19:57.228+0000] {manager.py:824} INFO - There are 0 files in /home/dataengineersnowflakedbt/airflow/dags
[2025-11-23T01:24:57.845+0000] {manager.py:821} INFO - Searching for files in /home/dataengineersnowflakedbt/airflow/dags
[2025-11-23T01:24:57.845+0000] {manager.py:824} INFO - There are 0 files in /home/dataengineersnowflakedbt/airflow/dags
[2025-11-23T01:29:58.447+0000] {manager.py:821} INFO - Searching for files in /home/dataengineersnowflakedbt/airflow/dags
[2025-11-23T01:29:58.447+0000] {manager.py:824} INFO - There are 0 files in /home/dataengineersnowflakedbt/airflow/dags
[2025-11-23T01:34:59.057+0000] {manager.py:821} INFO - Searching for files in /home/dataengineersnowflakedbt/airflow/dags
[2025-11-23T01:34:59.058+0000] {manager.py:824} INFO - There are 0 files in /home/dataengineersnowflakedbt/airflow/dags
[2025-11-23T01:39:59.687+0000] {manager.py:821} INFO - Searching for files in /home/dataengineersnowflakedbt/airflow/dags
[2025-11-23T01:39:59.688+0000] {manager.py:824} INFO - There are 0 files in /home/dataengineersnowflakedbt/airflow/dags
[2025-11-23T01:45:00.309+0000] {manager.py:821} INFO - Searching for files in /home/dataengineersnowflakedbt/airflow/dags
[2025-11-23T01:45:00.309+0000] {manager.py:824} INFO - There are 0 files in /home/dataengineersnowflakedbt/airflow/dags
[2025-11-23T01:50:00.915+0000] {manager.py:821} INFO - Searching for files in /home/dataengineersnowflakedbt/airflow/dags
[2025-11-23T01:50:00.916+0000] {manager.py:824} INFO - There are 0 files in /home/dataengineersnowflakedbt/airflow/dags
[2025-11-23T01:55:01.531+0000] {manager.py:821} INFO - Searching for files in /home/dataengineersnowflakedbt/airflow/dags
[2025-11-23T01:55:01.532+0000] {manager.py:824} INFO - There are 0 files in /home/dataengineersnowflakedbt/airflow/dags
[2025-11-23T02:00:02.148+0000] {manager.py:821} INFO - Searching for files in /home/dataengineersnowflakedbt/airflow/dags
[2025-11-23T02:00:02.149+0000] {manager.py:824} INFO - There are 0 files in /home/dataengineersnowflakedbt/airflow/dags
[2025-11-23T02:05:02.749+0000] {manager.py:821} INFO - Searching for files in /home/dataengineersnowflakedbt/airflow/dags
[2025-11-23T02:05:02.750+0000] {manager.py:824} INFO - There are 0 files in /home/dataengineersnowflakedbt/airflow/dags
[2025-11-23T02:10:03.371+0000] {manager.py:821} INFO - Searching for files in /home/dataengineersnowflakedbt/airflow/dags
[2025-11-23T02:10:03.372+0000] {manager.py:824} INFO - There are 0 files in /home/dataengineersnowflakedbt/airflow/dags
[2025-11-23T02:15:03.992+0000] {manager.py:821} INFO - Searching for files in /home/dataengineersnowflakedbt/airflow/dags
[2025-11-23T02:15:03.992+0000] {manager.py:824} INFO - There are 0 files in /home/dataengineersnowflakedbt/airflow/dags
[2025-11-23T02:20:04.589+0000] {manager.py:821} INFO - Searching for files in /home/dataengineersnowflakedbt/airflow/dags
[2025-11-23T02:20:04.590+0000] {manager.py:824} INFO - There are 0 files in /home/dataengineersnowflakedbt/airflow/dags
[2025-11-23T02:25:05.183+0000] {manager.py:821} INFO - Searching for files in /home/dataengineersnowflakedbt/airflow/dags
[2025-11-23T02:25:05.185+0000] {manager.py:824} INFO - There are 0 files in /home/dataengineersnowflakedbt/airflow/dags
[2025-11-23T02:30:05.789+0000] {manager.py:821} INFO - Searching for files in /home/dataengineersnowflakedbt/airflow/dags
[2025-11-23T02:30:05.790+0000] {manager.py:824} INFO - There are 0 files in /home/dataengineersnowflakedbt/airflow/dags
[2025-11-23T02:35:06.389+0000] {manager.py:821} INFO - Searching for files in /home/dataengineersnowflakedbt/airflow/dags
[2025-11-23T02:35:06.391+0000] {manager.py:824} INFO - There are 0 files in /home/dataengineersnowflakedbt/airflow/dags
[2025-11-23T02:40:07.043+0000] {manager.py:821} INFO - Searching for files in /home/dataengineersnowflakedbt/airflow/dags
[2025-11-23T02:40:07.044+0000] {manager.py:824} INFO - There are 0 files in /home/dataengineersnowflakedbt/airflow/dags
[2025-11-23T02:45:07.632+0000] {manager.py:821} INFO - Searching for files in /home/dataengineersnowflakedbt/airflow/dags
[2025-11-23T02:45:07.633+0000] {manager.py:824} INFO - There are 0 files in /home/dataengineersnowflakedbt/airflow/dags
[2025-11-23T02:50:08.249+0000] {manager.py:821} INFO - Searching for files in /home/dataengineersnowflakedbt/airflow/dags
[2025-11-23T02:50:08.251+0000] {manager.py:824} INFO - There are 0 files in /home/dataengineersnowflakedbt/airflow/dags
[2025-11-23T02:55:08.847+0000] {manager.py:821} INFO - Searching for files in /home/dataengineersnowflakedbt/airflow/dags
[2025-11-23T02:55:08.848+0000] {manager.py:824} INFO - There are 0 files in /home/dataengineersnowflakedbt/airflow/dags
[2025-11-23T03:00:09.444+0000] {manager.py:821} INFO - Searching for files in /home/dataengineersnowflakedbt/airflow/dags
[2025-11-23T03:00:09.445+0000] {manager.py:824} INFO - There are 0 files in /home/dataengineersnowflakedbt/airflow/dags
[2025-11-23T03:05:10.047+0000] {manager.py:821} INFO - Searching for files in /home/dataengineersnowflakedbt/airflow/dags
[2025-11-23T03:05:10.048+0000] {manager.py:824} INFO - There are 0 files in /home/dataengineersnowflakedbt/airflow/dags
[2025-11-23T03:10:10.693+0000] {manager.py:821} INFO - Searching for files in /home/dataengineersnowflakedbt/airflow/dags
[2025-11-23T03:10:10.693+0000] {manager.py:824} INFO - There are 0 files in /home/dataengineersnowflakedbt/airflow/dags
[2025-11-23T03:15:11.292+0000] {manager.py:821} INFO - Searching for files in /home/dataengineersnowflakedbt/airflow/dags
[2025-11-23T03:15:11.293+0000] {manager.py:824} INFO - There are 0 files in /home/dataengineersnowflakedbt/airflow/dags
[2025-11-23T03:20:11.892+0000] {manager.py:821} INFO - Searching for files in /home/dataengineersnowflakedbt/airflow/dags
[2025-11-23T03:20:11.893+0000] {manager.py:824} INFO - There are 0 files in /home/dataengineersnowflakedbt/airflow/dags
[2025-11-23T03:25:12.475+0000] {manager.py:821} INFO - Searching for files in /home/dataengineersnowflakedbt/airflow/dags
[2025-11-23T03:25:12.476+0000] {manager.py:824} INFO - There are 0 files in /home/dataengineersnowflakedbt/airflow/dags
[2025-11-23T03:30:13.059+0000] {manager.py:821} INFO - Searching for files in /home/dataengineersnowflakedbt/airflow/dags
[2025-11-23T03:30:13.060+0000] {manager.py:824} INFO - There are 0 files in /home/dataengineersnowflakedbt/airflow/dags
[2025-11-23T03:35:13.657+0000] {manager.py:821} INFO - Searching for files in /home/dataengineersnowflakedbt/airflow/dags
[2025-11-23T03:35:13.658+0000] {manager.py:824} INFO - There are 0 files in /home/dataengineersnowflakedbt/airflow/dags
[2025-11-23T03:40:14.278+0000] {manager.py:821} INFO - Searching for files in /home/dataengineersnowflakedbt/airflow/dags
[2025-11-23T03:40:14.279+0000] {manager.py:824} INFO - There are 0 files in /home/dataengineersnowflakedbt/airflow/dags
[2025-11-23T03:45:14.876+0000] {manager.py:821} INFO - Searching for files in /home/dataengineersnowflakedbt/airflow/dags
[2025-11-23T03:45:14.877+0000] {manager.py:824} INFO - There are 0 files in /home/dataengineersnowflakedbt/airflow/dags
[2025-11-23T03:50:15.472+0000] {manager.py:821} INFO - Searching for files in /home/dataengineersnowflakedbt/airflow/dags
[2025-11-23T03:50:15.472+0000] {manager.py:824} INFO - There are 0 files in /home/dataengineersnowflakedbt/airflow/dags
